<?xml version="1.0" encoding="UTF-8"?>
<testsuite hostname="Dell-5000-i7" name="com.pack.common.tests.BasePageTest" tests="3" failures="2" timestamp="13 Jul 2015 12:58:26 GMT" time="21.904" errors="0">
  <testcase name="verifyHomePage" time="0.027" classname="com.pack.common.tests.BasePageTest"/>
  <testcase name="verifyCreateAnAccounPage" time="0.055" classname="com.pack.common.tests.CreateAnAccounTest">
    <failure type="org.openqa.selenium.NoSuchElementException" message="no such element
  (Session info: chrome=43.0.2357.132)
  (Driver info: chromedriver=2.15.322448 (52179c1b310fec1797c81ea9a20326839860b7d3),platform=Windows NT 6.3 x86_64) (WARNING: The server did not provide any stacktrace information)
Command duration or timeout: 54 milliseconds
For documentation on this error, please visit: http://seleniumhq.org/exceptions/no_such_element.html
Build info: version: &amp;apos;2.15.0&amp;apos;, revision: &amp;apos;15105&amp;apos;, time: &amp;apos;2011-12-08 09:57:28&amp;apos;
System info: os.name: &amp;apos;Windows 8.1&amp;apos;, os.arch: &amp;apos;amd64&amp;apos;, os.version: &amp;apos;6.3&amp;apos;, java.version: &amp;apos;1.8.0_45&amp;apos;
Driver info: driver.version: RemoteWebDriver">
      <![CDATA[org.openqa.selenium.NoSuchElementException: no such element
  (Session info: chrome=43.0.2357.132)
  (Driver info: chromedriver=2.15.322448 (52179c1b310fec1797c81ea9a20326839860b7d3),platform=Windows NT 6.3 x86_64) (WARNING: The server did not provide any stacktrace information)
Command duration or timeout: 54 milliseconds
For documentation on this error, please visit: http://seleniumhq.org/exceptions/no_such_element.html
Build info: version: '2.15.0', revision: '15105', time: '2011-12-08 09:57:28'
System info: os.name: 'Windows 8.1', os.arch: 'amd64', os.version: '6.3', java.version: '1.8.0_45'
Driver info: driver.version: RemoteWebDriver
	at org.openqa.selenium.remote.ErrorHandler.createThrowable(ErrorHandler.java:147)
	at org.openqa.selenium.remote.ErrorHandler.throwIfResponseFailed(ErrorHandler.java:113)
	at org.openqa.selenium.remote.RemoteWebDriver.execute(RemoteWebDriver.java:424)
	at org.openqa.selenium.remote.RemoteWebDriver.findElement(RemoteWebDriver.java:210)
	at org.openqa.selenium.remote.RemoteWebDriver.findElementByLinkText(RemoteWebDriver.java:235)
	at org.openqa.selenium.By$ByLinkText.findElement(By.java:241)
	at org.openqa.selenium.remote.RemoteWebDriver.findElement(RemoteWebDriver.java:202)
	at com.pack.common.pageobjects.BasePage.clickSignInBtn(BasePage.java:17)
	at com.pack.common.tests.CreateAnAccounTest.verifyCreateAnAccounPage(CreateAnAccounTest.java:29)
... Removed 29 stack frames]]>
    </failure>
  </testcase>
  <testcase name="verifySignInFunction" time="0.05" classname="com.pack.common.tests.SignInPageTest">
    <failure type="org.openqa.selenium.NoSuchElementException" message="no such element
  (Session info: chrome=43.0.2357.132)
  (Driver info: chromedriver=2.15.322448 (52179c1b310fec1797c81ea9a20326839860b7d3),platform=Windows NT 6.3 x86_64) (WARNING: The server did not provide any stacktrace information)
Command duration or timeout: 48 milliseconds
For documentation on this error, please visit: http://seleniumhq.org/exceptions/no_such_element.html
Build info: version: &amp;apos;2.15.0&amp;apos;, revision: &amp;apos;15105&amp;apos;, time: &amp;apos;2011-12-08 09:57:28&amp;apos;
System info: os.name: &amp;apos;Windows 8.1&amp;apos;, os.arch: &amp;apos;amd64&amp;apos;, os.version: &amp;apos;6.3&amp;apos;, java.version: &amp;apos;1.8.0_45&amp;apos;
Driver info: driver.version: RemoteWebDriver">
      <![CDATA[org.openqa.selenium.NoSuchElementException: no such element
  (Session info: chrome=43.0.2357.132)
  (Driver info: chromedriver=2.15.322448 (52179c1b310fec1797c81ea9a20326839860b7d3),platform=Windows NT 6.3 x86_64) (WARNING: The server did not provide any stacktrace information)
Command duration or timeout: 48 milliseconds
For documentation on this error, please visit: http://seleniumhq.org/exceptions/no_such_element.html
Build info: version: '2.15.0', revision: '15105', time: '2011-12-08 09:57:28'
System info: os.name: 'Windows 8.1', os.arch: 'amd64', os.version: '6.3', java.version: '1.8.0_45'
Driver info: driver.version: RemoteWebDriver
	at org.openqa.selenium.remote.ErrorHandler.createThrowable(ErrorHandler.java:147)
	at org.openqa.selenium.remote.ErrorHandler.throwIfResponseFailed(ErrorHandler.java:113)
	at org.openqa.selenium.remote.RemoteWebDriver.execute(RemoteWebDriver.java:424)
	at org.openqa.selenium.remote.RemoteWebDriver.findElement(RemoteWebDriver.java:210)
	at org.openqa.selenium.remote.RemoteWebDriver.findElementByLinkText(RemoteWebDriver.java:235)
	at org.openqa.selenium.By$ByLinkText.findElement(By.java:241)
	at org.openqa.selenium.remote.RemoteWebDriver.findElement(RemoteWebDriver.java:202)
	at com.pack.common.pageobjects.BasePage.clickSignInBtn(BasePage.java:17)
	at com.pack.common.tests.SignInPageTest.verifySignInFunction(SignInPageTest.java:27)
... Removed 29 stack frames]]>
    </failure>
  </testcase>
</testsuite>
